<?xml version="1.0" encoding="UTF-8" ?>
<testsuites errors="1"
            failures="1"
            tests="1">

  <testsuite name="hello_world_test"
    errors="1" failures="1" hostname="" id="" package="hello_world_test" skipped="0"
    tests="1" time="7.553" timestamp="">
  
    <testcase name="test" classname="hello_world_test" time="7.553" assertions="6">

    

    

    

    

      <failure message="Testing if element &lt;#r1-0 .EKtkFWMYpwzMKOYr0GYm LQVY1Jpkk8nyJ6HBWKAk&gt; is visible in 5000ms - expected &#34;is visible&#34; but got: &#34;element could not be located&#34; (5174ms)">    at Object.test (C:\Users\loic8\Bureau\Formations\Openclassroom formations\DEVELOPPEMENT WEB\13.Testez vos applications avec javascript\nightwatch\hello_world_test.js:12:21)
    at processTicksAndRejections (node:internal/process/task_queues:96:5)</failure>

    
    <error message="Error while running &#34;visible&#34; command: Testing if element [0;33m&lt;#r1-0 .EKtkFWMYpwzMKOYr0GYm LQVY1Jpkk8nyJ6HBWKAk&gt;[0m is visible in 5000ms - expected [0;32m&#34;is visible&#34;[0m but got: [0;31m&#34;element could not be located&#34;[0m [0;90m(5174ms)[0m" type="error"><![CDATA[
        at Object.test (C:\Users\loic8\Bureau\Formations\Openclassroom formations\DEVELOPPEMENT WEB\13.Testez vos applications avec javascript\nightwatch\hello_world_test.js:12:21)
    at processTicksAndRejections (node:internal/process/task_queues:96:5)
    ]]></error>
    
    </testcase>
  

  
    <system-err>
        NoSuchElementError: An error occurred while running .isVisible() command on &lt;#r1-0 .EKtkFWMYpwzMKOYr0GYm LQVY1Jpkk8nyJ6HBWKAk&gt;: 
   {&#34;value&#34;:[]}
       at processTicksAndRejections (node:internal/process/task_queues:96:5)
    </system-err>
  

    

  
  </testsuite>
</testsuites>
